<?xml version="1.0" encoding="UTF-8"?>
<testng-results ignored="0" total="1" passed="1" failed="0" skipped="0">
  <reporter-output>
  </reporter-output>
  <suite started-at="2026-02-25T19:09:06 IST" name="Surefire suite" finished-at="2026-02-25T19:09:06 IST" duration-ms="111">
    <groups>
    </groups>
    <test started-at="2026-02-25T19:09:06 IST" name="Surefire test" finished-at="2026-02-25T19:09:06 IST" duration-ms="111">
      <class name="testpages.NewTest">
        <test-method is-config="true" signature="beforeClass()[pri:0, instance:testpages.NewTest@3eb7fc54]" started-at="2026-02-25T19:09:06 IST" name="beforeClass" finished-at="2026-02-25T19:09:06 IST" duration-ms="22" status="PASS">
          <reporter-output>
          </reporter-output>
        </test-method> <!-- beforeClass -->
        <test-method signature="f()[pri:0, instance:testpages.NewTest@3eb7fc54]" started-at="2026-02-25T19:09:06 IST" name="f" finished-at="2026-02-25T19:09:06 IST" duration-ms="3" status="PASS">
          <reporter-output>
          </reporter-output>
        </test-method> <!-- f -->
        <test-method is-config="true" signature="afterClass()[pri:0, instance:testpages.NewTest@3eb7fc54]" started-at="2026-02-25T19:09:06 IST" name="afterClass" finished-at="2026-02-25T19:09:06 IST" duration-ms="1" status="PASS">
          <reporter-output>
          </reporter-output>
        </test-method> <!-- afterClass -->
      </class> <!-- testpages.NewTest -->
    </test> <!-- Surefire test -->
  </suite> <!-- Surefire suite -->
</testng-results>
